2020-10-25 21:53:43.141 - INFO - 6352 - azureml.train.automl._azureautomlclient.modify_run_configuration:199 - Package azureml-train-automl missing from dependencies file.
2020-10-25 21:53:43.141 - INFO - 6352 - azureml.train.automl._azureautomlclient.modify_run_configuration:205 - Using pinned version: azureml-train-automl==1.16.0.*
2020-10-25 21:53:43.142 - INFO - 6352 - azureml.train.automl._azureautomlclient.modify_run_configuration:199 - Package pandas missing from dependencies file.
2020-10-25 21:53:43.142 - INFO - 6352 - azureml.train.automl._azureautomlclient.modify_run_configuration:205 - Using pinned version: pandas==0.25.1
2020-10-25 21:53:43.143 - INFO - 6352 - azureml.train.automl._azureautomlclient.modify_run_configuration:199 - Package psutil missing from dependencies file.
2020-10-25 21:53:43.143 - INFO - 6352 - azureml.train.automl._azureautomlclient.modify_run_configuration:205 - Using pinned version: psutil>5.0.0,<6.0.0
2020-10-25 21:53:43.144 - INFO - 6352 - azureml.train.automl._azureautomlclient.modify_run_configuration:199 - Package scikit-learn missing from dependencies file.
2020-10-25 21:53:43.144 - INFO - 6352 - azureml.train.automl._azureautomlclient.modify_run_configuration:205 - Using pinned version: scikit-learn==0.22.1
2020-10-25 21:53:43.144 - INFO - 6352 - azureml.train.automl._azureautomlclient.modify_run_configuration:199 - Package numpy missing from dependencies file.
2020-10-25 21:53:43.144 - INFO - 6352 - azureml.train.automl._azureautomlclient.modify_run_configuration:205 - Using pinned version: numpy~=1.18.0
2020-10-25 21:53:43.145 - INFO - 6352 - azureml.train.automl._azureautomlclient.modify_run_configuration:199 - Package py-xgboost missing from dependencies file.
2020-10-25 21:53:43.147 - INFO - 6352 - azureml.train.automl._azureautomlclient.modify_run_configuration:205 - Using pinned version: py-xgboost<=0.90
2020-10-25 21:53:43.147 - INFO - 6352 - azureml.train.automl._azureautomlclient.modify_run_configuration:199 - Package inference-schema missing from dependencies file.
2020-10-25 21:53:43.147 - INFO - 6352 - azureml.train.automl._azureautomlclient.modify_run_configuration:199 - Package fbprophet missing from dependencies file.
2020-10-25 21:53:43.155 - INFO - 6352 - azureml.train.automl._azureautomlclient.modify_run_configuration:205 - Using pinned version: fbprophet==0.5
2020-10-25 21:53:43.155 - INFO - 6352 - azureml.train.automl._azureautomlclient.modify_run_configuration:199 - Package setuptools-git missing from dependencies file.
2020-10-25 21:53:43.156 - INFO - 6352 - azureml.train.automl._azureautomlclient.modify_run_configuration:209 - Using installed version: setuptools-git==1.2
2020-10-25 21:53:43.165 - INFO - 6352 - azureml.train.automl._azureautomlclient._validate_input:624 - Start data validation.
2020-10-25 21:53:44.634 - INFO - 6352 - azureml.train.automl._azureautomlclient._validate_input:635 - Validation service found the data has no errors.
2020-10-25 21:53:44.635 - INFO - 6352 - azureml.train.automl._azureautomlclient._create_parent_run_for_remote:509 - Start creating parent run.
2020-10-25 21:53:45.009 - INFO - 6352 - azureml.train.automl._azureautomlclient._create_parent_run_for_remote:529 - [ParentRunID:AutoML_9efeb3f9-af4d-4f2f-9d48-095a220cb621] Remote run using input X and y.
2020-10-25 21:53:45.100 - INFO - 6352 - azureml.train.automl._azureautomlclient._create_parent_run_for_remote:542 - Parent Run ID: AutoML_9efeb3f9-af4d-4f2f-9d48-095a220cb621
2020-10-25 21:53:45.101 - INFO - 6352 - azureml.train.automl._azureautomlclient._fit_remote_core:471 - Starting a snapshot run (snapshot_id : None)
