2020-12-28 15:02:03.410 - INFO - 9800 - azureml.train.automl._azureautomlclient.modify_run_configuration:199 - Package azureml-train-automl missing from dependencies file.
2020-12-28 15:02:03.411 - INFO - 9800 - azureml.train.automl._azureautomlclient.modify_run_configuration:205 - Using pinned version: azureml-train-automl==1.19.0.*
2020-12-28 15:02:03.412 - INFO - 9800 - azureml.train.automl._azureautomlclient.modify_run_configuration:199 - Package pandas missing from dependencies file.
2020-12-28 15:02:03.412 - INFO - 9800 - azureml.train.automl._azureautomlclient.modify_run_configuration:205 - Using pinned version: pandas==0.25.1
2020-12-28 15:02:03.413 - INFO - 9800 - azureml.train.automl._azureautomlclient.modify_run_configuration:199 - Package psutil missing from dependencies file.
2020-12-28 15:02:03.414 - INFO - 9800 - azureml.train.automl._azureautomlclient.modify_run_configuration:205 - Using pinned version: psutil>5.0.0,<6.0.0
2020-12-28 15:02:03.415 - INFO - 9800 - azureml.train.automl._azureautomlclient.modify_run_configuration:199 - Package scikit-learn missing from dependencies file.
2020-12-28 15:02:03.415 - INFO - 9800 - azureml.train.automl._azureautomlclient.modify_run_configuration:205 - Using pinned version: scikit-learn==0.22.1
2020-12-28 15:02:03.416 - INFO - 9800 - azureml.train.automl._azureautomlclient.modify_run_configuration:199 - Package numpy missing from dependencies file.
2020-12-28 15:02:03.417 - INFO - 9800 - azureml.train.automl._azureautomlclient.modify_run_configuration:205 - Using pinned version: numpy~=1.18.0
2020-12-28 15:02:03.418 - INFO - 9800 - azureml.train.automl._azureautomlclient.modify_run_configuration:199 - Package py-xgboost missing from dependencies file.
2020-12-28 15:02:03.421 - INFO - 9800 - azureml.train.automl._azureautomlclient.modify_run_configuration:205 - Using pinned version: py-xgboost<=0.90
2020-12-28 15:02:03.427 - INFO - 9800 - azureml.train.automl._azureautomlclient.modify_run_configuration:199 - Package inference-schema missing from dependencies file.
2020-12-28 15:02:03.427 - INFO - 9800 - azureml.train.automl._azureautomlclient.modify_run_configuration:199 - Package fbprophet missing from dependencies file.
2020-12-28 15:02:03.428 - INFO - 9800 - azureml.train.automl._azureautomlclient.modify_run_configuration:205 - Using pinned version: fbprophet==0.5
2020-12-28 15:02:03.429 - INFO - 9800 - azureml.train.automl._azureautomlclient.modify_run_configuration:199 - Package setuptools-git missing from dependencies file.
2020-12-28 15:02:03.437 - INFO - 9800 - azureml.train.automl._azureautomlclient._validate_input:663 - Start data validation.
2020-12-28 15:02:06.859 - INFO - 9800 - azureml.train.automl._azureautomlclient._validate_input:676 - Validation service found the data has no errors.
2020-12-28 15:02:06.859 - INFO - 9800 - azureml.train.automl._azureautomlclient._create_parent_run_for_remote:541 - Start creating parent run.
2020-12-28 15:02:07.953 - INFO - 9800 - azureml.train.automl._azureautomlclient._create_parent_run_for_remote:561 - [ParentRunID:AutoML_dfb58a58-23f4-4fbe-8c8e-7799c72fbab2] Remote run using input X and y.
2020-12-28 15:02:09.041 - INFO - 9800 - azureml.train.automl._azureautomlclient._create_parent_run_for_remote:574 - Parent Run ID: AutoML_dfb58a58-23f4-4fbe-8c8e-7799c72fbab2
2020-12-28 15:02:09.044 - INFO - 9800 - azureml.train.automl._azureautomlclient._fit_remote_core:502 - Starting a snapshot run (snapshot_id : None)
